<?xml version="1.0" encoding="UTF-8" ?>
<testsuite tests="11" failures="0" name="ru.nceduc.journal.dao.TeacherInMemoryDaoTest" time="0.011" errors="0" skipped="0">
  <properties>
[...]
</properties>
  <testcase classname="ru.nceduc.journal.dao.TeacherInMemoryDaoTest" name="testUpdateTeacherOnFail_1" time="0.008"/>
  <testcase classname="ru.nceduc.journal.dao.TeacherInMemoryDaoTest" name="testUpdateTeacherOnFail_2" time="0"/>
  <testcase classname="ru.nceduc.journal.dao.TeacherInMemoryDaoTest" name="testFindTeacher" time="0"/>
  <testcase classname="ru.nceduc.journal.dao.TeacherInMemoryDaoTest" name="testAddTeacherOnFail_1" time="0"/>
  <testcase classname="ru.nceduc.journal.dao.TeacherInMemoryDaoTest" name="testAddTeacherOnFail_2" time="0"/>
  <testcase classname="ru.nceduc.journal.dao.TeacherInMemoryDaoTest" name="testFindAllTeachers" time="0.003"/>
  <testcase classname="ru.nceduc.journal.dao.TeacherInMemoryDaoTest" name="testAddTeacher" time="0"/>
  <testcase classname="ru.nceduc.journal.dao.TeacherInMemoryDaoTest" name="testFindTeacherOnFail_1" time="0"/>
  <testcase classname="ru.nceduc.journal.dao.TeacherInMemoryDaoTest" name="testFindTeacherOnFail_2" time="0"/>
  <testcase classname="ru.nceduc.journal.dao.TeacherInMemoryDaoTest" name="testUpdateTeacher_1" time="0"/>
  <testcase classname="ru.nceduc.journal.dao.TeacherInMemoryDaoTest" name="testUpdateTeacher_2" time="0"/>
</testsuite>