<?xml version="1.0" encoding="UTF-8" ?>
<testsuite tests="6" failures="0" name="ru.nceduc.journal.TeacherInMemoryTest" time="0.014" errors="0" skipped="0">
  <properties>
[...]
</properties>
  <testcase classname="ru.nceduc.journal.TeacherInMemoryTest" name="testRead" time="0.011"/>
  <testcase classname="ru.nceduc.journal.TeacherInMemoryTest" name="testDeleteAll" time="0.002"/>
  <testcase classname="ru.nceduc.journal.TeacherInMemoryTest" name="testCreate" time="0"/>
  <testcase classname="ru.nceduc.journal.TeacherInMemoryTest" name="testDelete" time="0"/>
  <testcase classname="ru.nceduc.journal.TeacherInMemoryTest" name="testGetAll" time="0.001"/>
  <testcase classname="ru.nceduc.journal.TeacherInMemoryTest" name="testUpdate" time="0"/>
</testsuite>